2026-05-14 22:45:00,989 - INFO - 开始训练方案: A
2026-05-14 22:45:00,989 - INFO - 配置: {'model_type': 'A', 'base_ch': 32, 'loss_type': 'L1_SSIM', 'l1_weight': 1.0, 'ssim_weight': 1.0, 'optimizer': 'Adam', 'lr': 0.0001, 'weight_decay': 0, 'scheduler': 'StepLR', 'step_size': 30, 'gamma': 0.1, 'epochs': 100, 'batch_size': 32, 'patch_size': 256, 'num_workers': 6, 'pin_memory': False, 'persistent_workers': True, 'seed': 42, 'grad_accum_steps': 1, 'early_stop': True, 'early_stop_patience': 3, 'early_stop_min_delta': 0.0, 'early_stop_monitor': 'val_psnr', 'early_stop_mode': 'max', 'val_interval': 5, 'test_interval': 50, 'save_interval': 10, 'clip_grad_norm': 1.0, 'device': 'cuda', 'amp': False, 'pred_clamp': False, 'dataset_root': 'D:\\biyesheji\\DLC\\NEW\\MFQEv2_processed', 'root': 'D:\\biyesheji\\DLC\\NEW\\MFQEv2_processed', 'train_list': 'train_list.txt', 'val_list': 'val_list.txt', 'test_list': 'test_list.txt', 'qp': 32}
2026-05-14 22:45:00,990 - INFO - 设备: cuda
2026-05-14 22:45:00,990 - INFO - cuDNN benchmark: enabled
2026-05-14 22:45:00,990 - INFO - GPU: NVIDIA GeForce RTX 5080
2026-05-14 22:45:00,991 - INFO - 显存: 17.1 GB
2026-05-14 22:45:01,150 - INFO - 模型参数量: 12,158,144 (12.16M)
2026-05-14 22:45:01,150 - INFO - torch.compile: skipped (triton not available on Windows)
2026-05-14 22:45:02,010 - INFO - 优化器: Adam, lr=0.0001, scheduler=StepLR
2026-05-14 22:45:02,028 - INFO - Train batches: 1087, Val sequences: 3356, Test sequences: 7980
2026-05-14 22:45:02,028 - INFO - 早停 patience=3, min_delta=0.0, mode=max
2026-05-14 22:45:20,211 - INFO - Epoch 1/100, Batch 1/1087, Loss: 1.6864, L1: 0.6519, SSIM: -0.0345, PSNR: 7.90
2026-05-14 22:45:43,757 - INFO - Epoch 1/100, Batch 51/1087, Loss: 0.2613, L1: 0.0566, SSIM: 0.7953, PSNR: 21.84
2026-05-14 22:46:07,029 - INFO - Epoch 1/100, Batch 101/1087, Loss: 0.2553, L1: 0.0469, SSIM: 0.7916, PSNR: 22.40
2026-05-14 22:46:30,825 - INFO - Epoch 1/100, Batch 151/1087, Loss: 0.2220, L1: 0.0479, SSIM: 0.8259, PSNR: 22.46
2026-05-14 22:46:54,269 - INFO - Epoch 1/100, Batch 201/1087, Loss: 0.2002, L1: 0.0408, SSIM: 0.8406, PSNR: 25.63
2026-05-14 22:47:17,735 - INFO - Epoch 1/100, Batch 251/1087, Loss: 0.2044, L1: 0.0440, SSIM: 0.8397, PSNR: 24.07
2026-05-14 22:47:41,070 - INFO - Epoch 1/100, Batch 301/1087, Loss: 0.1794, L1: 0.0326, SSIM: 0.8532, PSNR: 26.84
2026-05-14 22:48:04,029 - INFO - Epoch 1/100, Batch 351/1087, Loss: 0.1710, L1: 0.0347, SSIM: 0.8637, PSNR: 26.47
2026-05-14 22:48:26,750 - INFO - Epoch 1/100, Batch 401/1087, Loss: 0.1688, L1: 0.0290, SSIM: 0.8602, PSNR: 28.37
2026-05-14 22:48:49,422 - INFO - Epoch 1/100, Batch 451/1087, Loss: 0.1654, L1: 0.0311, SSIM: 0.8657, PSNR: 25.41
2026-05-14 22:49:11,724 - INFO - Epoch 1/100, Batch 501/1087, Loss: 0.1777, L1: 0.0295, SSIM: 0.8517, PSNR: 27.12
2026-05-14 22:49:31,372 - INFO - Epoch 1/100, Batch 551/1087, Loss: 0.1642, L1: 0.0319, SSIM: 0.8677, PSNR: 27.26
2026-05-14 22:49:50,248 - INFO - Epoch 1/100, Batch 601/1087, Loss: 0.1611, L1: 0.0311, SSIM: 0.8700, PSNR: 27.74
2026-05-14 22:50:08,764 - INFO - Epoch 1/100, Batch 651/1087, Loss: 0.1519, L1: 0.0299, SSIM: 0.8781, PSNR: 27.99
2026-05-14 22:50:26,988 - INFO - Epoch 1/100, Batch 701/1087, Loss: 0.1492, L1: 0.0273, SSIM: 0.8782, PSNR: 28.24
2026-05-14 22:50:45,228 - INFO - Epoch 1/100, Batch 751/1087, Loss: 0.1547, L1: 0.0297, SSIM: 0.8751, PSNR: 28.30
2026-05-14 22:51:03,461 - INFO - Epoch 1/100, Batch 801/1087, Loss: 0.1542, L1: 0.0265, SSIM: 0.8722, PSNR: 29.09
2026-05-14 22:51:21,998 - INFO - Epoch 1/100, Batch 851/1087, Loss: 0.1578, L1: 0.0273, SSIM: 0.8695, PSNR: 28.50
2026-05-14 22:51:40,234 - INFO - Epoch 1/100, Batch 901/1087, Loss: 0.1560, L1: 0.0283, SSIM: 0.8723, PSNR: 28.55
2026-05-14 22:51:58,474 - INFO - Epoch 1/100, Batch 951/1087, Loss: 0.1420, L1: 0.0229, SSIM: 0.8809, PSNR: 29.20
2026-05-14 22:52:16,835 - INFO - Epoch 1/100, Batch 1001/1087, Loss: 0.1339, L1: 0.0237, SSIM: 0.8898, PSNR: 29.57
2026-05-14 22:52:35,263 - INFO - Epoch 1/100, Batch 1051/1087, Loss: 0.1443, L1: 0.0240, SSIM: 0.8797, PSNR: 29.08
2026-05-14 22:52:48,330 - INFO - Epoch 1/100 training summary - Loss: 0.189264, L1: 0.037408, SSIM: 0.8481, PSNR: 26.38, Grad Norm: 3.4171
2026-05-14 22:52:48,331 - INFO - [Epoch 1/100] Train Loss: 0.1893, Time: 466.3s
2026-05-14 22:52:48,331 - INFO - 学习率更新: 0.000100
2026-05-14 22:52:49,710 - INFO - Epoch 2/100, Batch 1/1087, Loss: 0.1344, L1: 0.0245, SSIM: 0.8901, PSNR: 29.35
2026-05-14 22:53:08,011 - INFO - Epoch 2/100, Batch 51/1087, Loss: 0.1279, L1: 0.0223, SSIM: 0.8944, PSNR: 29.97
2026-05-14 22:53:26,248 - INFO - Epoch 2/100, Batch 101/1087, Loss: 0.1424, L1: 0.0234, SSIM: 0.8809, PSNR: 29.74
2026-05-14 22:53:44,676 - INFO - Epoch 2/100, Batch 151/1087, Loss: 0.1561, L1: 0.0230, SSIM: 0.8669, PSNR: 28.87
2026-05-14 22:54:03,095 - INFO - Epoch 2/100, Batch 201/1087, Loss: 0.1346, L1: 0.0208, SSIM: 0.8862, PSNR: 30.58
2026-05-14 22:54:21,464 - INFO - Epoch 2/100, Batch 251/1087, Loss: 0.1288, L1: 0.0231, SSIM: 0.8944, PSNR: 29.94
2026-05-14 22:54:39,709 - INFO - Epoch 2/100, Batch 301/1087, Loss: 0.1492, L1: 0.0242, SSIM: 0.8750, PSNR: 29.51
2026-05-14 22:54:57,965 - INFO - Epoch 2/100, Batch 351/1087, Loss: 0.1233, L1: 0.0224, SSIM: 0.8992, PSNR: 28.16
2026-05-14 22:55:16,354 - INFO - Epoch 2/100, Batch 401/1087, Loss: 0.1361, L1: 0.0259, SSIM: 0.8898, PSNR: 28.09
2026-05-14 22:55:34,593 - INFO - Epoch 2/100, Batch 451/1087, Loss: 0.1353, L1: 0.0230, SSIM: 0.8877, PSNR: 29.58
2026-05-14 22:55:52,996 - INFO - Epoch 2/100, Batch 501/1087, Loss: 0.1387, L1: 0.0246, SSIM: 0.8859, PSNR: 29.34
2026-05-14 22:56:11,412 - INFO - Epoch 2/100, Batch 551/1087, Loss: 0.1476, L1: 0.0227, SSIM: 0.8751, PSNR: 29.24
2026-05-14 22:56:29,662 - INFO - Epoch 2/100, Batch 601/1087, Loss: 0.1338, L1: 0.0223, SSIM: 0.8885, PSNR: 28.92
2026-05-14 22:56:47,908 - INFO - Epoch 2/100, Batch 651/1087, Loss: 0.1293, L1: 0.0244, SSIM: 0.8951, PSNR: 28.44
2026-05-14 22:57:06,166 - INFO - Epoch 2/100, Batch 701/1087, Loss: 0.1349, L1: 0.0235, SSIM: 0.8886, PSNR: 29.69
2026-05-14 22:57:24,616 - INFO - Epoch 2/100, Batch 751/1087, Loss: 0.1470, L1: 0.0245, SSIM: 0.8776, PSNR: 29.70
2026-05-14 22:57:43,053 - INFO - Epoch 2/100, Batch 801/1087, Loss: 0.1202, L1: 0.0195, SSIM: 0.8993, PSNR: 31.12
2026-05-14 22:58:01,499 - INFO - Epoch 2/100, Batch 851/1087, Loss: 0.1330, L1: 0.0199, SSIM: 0.8869, PSNR: 31.24
2026-05-14 22:58:19,802 - INFO - Epoch 2/100, Batch 901/1087, Loss: 0.1322, L1: 0.0220, SSIM: 0.8897, PSNR: 29.57
2026-05-14 22:58:38,178 - INFO - Epoch 2/100, Batch 951/1087, Loss: 0.1226, L1: 0.0227, SSIM: 0.9001, PSNR: 29.51
2026-05-14 22:58:56,419 - INFO - Epoch 2/100, Batch 1001/1087, Loss: 0.1246, L1: 0.0214, SSIM: 0.8968, PSNR: 30.05
2026-05-14 22:59:14,670 - INFO - Epoch 2/100, Batch 1051/1087, Loss: 0.1337, L1: 0.0201, SSIM: 0.8864, PSNR: 30.77
2026-05-14 22:59:27,755 - INFO - Epoch 2/100 training summary - Loss: 0.139094, L1: 0.023276, SSIM: 0.8842, PSNR: 29.48, Grad Norm: 2.6159
2026-05-14 22:59:27,756 - INFO - [Epoch 2/100] Train Loss: 0.1391, Time: 399.4s
2026-05-14 22:59:27,756 - INFO - 学习率更新: 0.000100
2026-05-14 22:59:29,026 - INFO - Epoch 3/100, Batch 1/1087, Loss: 0.1518, L1: 0.0236, SSIM: 0.8717, PSNR: 29.65
2026-05-14 22:59:47,494 - INFO - Epoch 3/100, Batch 51/1087, Loss: 0.1346, L1: 0.0205, SSIM: 0.8859, PSNR: 30.72
2026-05-14 23:00:05,757 - INFO - Epoch 3/100, Batch 101/1087, Loss: 0.1266, L1: 0.0228, SSIM: 0.8962, PSNR: 29.91
2026-05-14 23:00:24,004 - INFO - Epoch 3/100, Batch 151/1087, Loss: 0.1410, L1: 0.0228, SSIM: 0.8819, PSNR: 29.30
2026-05-14 23:00:42,431 - INFO - Epoch 3/100, Batch 201/1087, Loss: 0.1409, L1: 0.0214, SSIM: 0.8805, PSNR: 29.95
2026-05-14 23:01:00,675 - INFO - Epoch 3/100, Batch 251/1087, Loss: 0.1360, L1: 0.0213, SSIM: 0.8853, PSNR: 30.56
2026-05-14 23:01:19,101 - INFO - Epoch 3/100, Batch 301/1087, Loss: 0.1451, L1: 0.0230, SSIM: 0.8779, PSNR: 29.49
2026-05-14 23:01:37,354 - INFO - Epoch 3/100, Batch 351/1087, Loss: 0.1403, L1: 0.0217, SSIM: 0.8814, PSNR: 30.14
2026-05-14 23:01:55,804 - INFO - Epoch 3/100, Batch 401/1087, Loss: 0.1363, L1: 0.0213, SSIM: 0.8850, PSNR: 30.26
2026-05-14 23:02:14,370 - INFO - Epoch 3/100, Batch 451/1087, Loss: 0.1393, L1: 0.0219, SSIM: 0.8826, PSNR: 30.27
2026-05-14 23:02:32,608 - INFO - Epoch 3/100, Batch 501/1087, Loss: 0.1229, L1: 0.0191, SSIM: 0.8963, PSNR: 30.95
2026-05-14 23:02:51,037 - INFO - Epoch 3/100, Batch 551/1087, Loss: 0.1366, L1: 0.0230, SSIM: 0.8865, PSNR: 29.72
2026-05-14 23:03:09,314 - INFO - Epoch 3/100, Batch 601/1087, Loss: 0.1394, L1: 0.0224, SSIM: 0.8830, PSNR: 30.11
2026-05-14 23:03:27,550 - INFO - Epoch 3/100, Batch 651/1087, Loss: 0.1253, L1: 0.0207, SSIM: 0.8954, PSNR: 30.65
2026-05-14 23:03:45,915 - INFO - Epoch 3/100, Batch 701/1087, Loss: 0.1305, L1: 0.0196, SSIM: 0.8892, PSNR: 30.60
2026-05-14 23:04:04,177 - INFO - Epoch 3/100, Batch 751/1087, Loss: 0.1272, L1: 0.0199, SSIM: 0.8926, PSNR: 30.95
2026-05-14 23:04:22,409 - INFO - Epoch 3/100, Batch 801/1087, Loss: 0.1344, L1: 0.0223, SSIM: 0.8879, PSNR: 29.75
2026-05-14 23:04:40,642 - INFO - Epoch 3/100, Batch 851/1087, Loss: 0.1466, L1: 0.0218, SSIM: 0.8752, PSNR: 30.12
2026-05-14 23:04:58,877 - INFO - Epoch 3/100, Batch 901/1087, Loss: 0.1283, L1: 0.0185, SSIM: 0.8902, PSNR: 31.46
2026-05-14 23:05:17,196 - INFO - Epoch 3/100, Batch 951/1087, Loss: 0.1192, L1: 0.0188, SSIM: 0.8995, PSNR: 31.42
2026-05-14 23:05:35,495 - INFO - Epoch 3/100, Batch 1001/1087, Loss: 0.1190, L1: 0.0202, SSIM: 0.9012, PSNR: 30.70
2026-05-14 23:05:53,735 - INFO - Epoch 3/100, Batch 1051/1087, Loss: 0.1270, L1: 0.0199, SSIM: 0.8929, PSNR: 31.20
2026-05-14 23:06:06,826 - INFO - Epoch 3/100 training summary - Loss: 0.131856, L1: 0.021094, SSIM: 0.8892, PSNR: 30.42, Grad Norm: 2.3861
2026-05-14 23:06:06,826 - INFO - [Epoch 3/100] Train Loss: 0.1319, Time: 399.1s
2026-05-14 23:06:06,827 - INFO - 学习率更新: 0.000100
2026-05-14 23:06:08,150 - INFO - Epoch 4/100, Batch 1/1087, Loss: 0.1225, L1: 0.0196, SSIM: 0.8972, PSNR: 30.92
2026-05-14 23:06:26,591 - INFO - Epoch 4/100, Batch 51/1087, Loss: 0.1329, L1: 0.0196, SSIM: 0.8867, PSNR: 31.26
2026-05-14 23:06:44,978 - INFO - Epoch 4/100, Batch 101/1087, Loss: 0.1213, L1: 0.0193, SSIM: 0.8980, PSNR: 31.30
2026-05-14 23:07:03,214 - INFO - Epoch 4/100, Batch 151/1087, Loss: 0.1299, L1: 0.0198, SSIM: 0.8899, PSNR: 30.85
2026-05-14 23:07:21,452 - INFO - Epoch 4/100, Batch 201/1087, Loss: 0.1264, L1: 0.0190, SSIM: 0.8926, PSNR: 31.53
2026-05-14 23:07:39,689 - INFO - Epoch 4/100, Batch 251/1087, Loss: 0.1325, L1: 0.0214, SSIM: 0.8889, PSNR: 30.44
2026-05-14 23:07:58,078 - INFO - Epoch 4/100, Batch 301/1087, Loss: 0.1314, L1: 0.0196, SSIM: 0.8882, PSNR: 30.81
2026-05-14 23:08:16,475 - INFO - Epoch 4/100, Batch 351/1087, Loss: 0.1336, L1: 0.0216, SSIM: 0.8880, PSNR: 30.09
2026-05-14 23:08:34,721 - INFO - Epoch 4/100, Batch 401/1087, Loss: 0.1348, L1: 0.0218, SSIM: 0.8870, PSNR: 30.33
2026-05-14 23:08:53,124 - INFO - Epoch 4/100, Batch 451/1087, Loss: 0.1463, L1: 0.0212, SSIM: 0.8749, PSNR: 30.24
2026-05-14 23:09:11,362 - INFO - Epoch 4/100, Batch 501/1087, Loss: 0.1392, L1: 0.0234, SSIM: 0.8841, PSNR: 29.65
2026-05-14 23:09:29,607 - INFO - Epoch 4/100, Batch 551/1087, Loss: 0.1401, L1: 0.0218, SSIM: 0.8818, PSNR: 30.21
2026-05-14 23:09:47,847 - INFO - Epoch 4/100, Batch 601/1087, Loss: 0.1336, L1: 0.0208, SSIM: 0.8871, PSNR: 30.95
2026-05-14 23:10:06,087 - INFO - Epoch 4/100, Batch 651/1087, Loss: 0.1332, L1: 0.0197, SSIM: 0.8865, PSNR: 31.03
2026-05-14 23:10:24,330 - INFO - Epoch 4/100, Batch 701/1087, Loss: 0.1320, L1: 0.0214, SSIM: 0.8894, PSNR: 30.49
2026-05-14 23:10:42,576 - INFO - Epoch 4/100, Batch 751/1087, Loss: 0.1258, L1: 0.0181, SSIM: 0.8924, PSNR: 30.83
2026-05-14 23:11:01,243 - INFO - Epoch 4/100, Batch 801/1087, Loss: 0.1363, L1: 0.0204, SSIM: 0.8841, PSNR: 30.35
2026-05-14 23:11:19,478 - INFO - Epoch 4/100, Batch 851/1087, Loss: 0.1276, L1: 0.0201, SSIM: 0.8925, PSNR: 30.87
2026-05-14 23:11:37,722 - INFO - Epoch 4/100, Batch 901/1087, Loss: 0.1040, L1: 0.0198, SSIM: 0.9158, PSNR: 30.89
2026-05-14 23:11:56,171 - INFO - Epoch 4/100, Batch 951/1087, Loss: 0.1346, L1: 0.0204, SSIM: 0.8858, PSNR: 30.69
2026-05-14 23:12:14,632 - INFO - Epoch 4/100, Batch 1001/1087, Loss: 0.1360, L1: 0.0215, SSIM: 0.8856, PSNR: 30.58
2026-05-14 23:12:32,881 - INFO - Epoch 4/100, Batch 1051/1087, Loss: 0.1275, L1: 0.0186, SSIM: 0.8911, PSNR: 31.54
2026-05-14 23:12:45,958 - INFO - Epoch 4/100 training summary - Loss: 0.129755, L1: 0.020365, SSIM: 0.8906, PSNR: 30.63, Grad Norm: 0.8818
2026-05-14 23:12:45,959 - INFO - [Epoch 4/100] Train Loss: 0.1298, Time: 399.1s
2026-05-14 23:12:45,959 - INFO - 学习率更新: 0.000100
2026-05-14 23:12:47,338 - INFO - Epoch 5/100, Batch 1/1087, Loss: 0.1192, L1: 0.0182, SSIM: 0.8990, PSNR: 31.55
2026-05-14 23:13:05,844 - INFO - Epoch 5/100, Batch 51/1087, Loss: 0.1265, L1: 0.0196, SSIM: 0.8931, PSNR: 31.15
2026-05-14 23:13:24,098 - INFO - Epoch 5/100, Batch 101/1087, Loss: 0.1269, L1: 0.0204, SSIM: 0.8935, PSNR: 30.80
2026-05-14 23:13:42,690 - INFO - Epoch 5/100, Batch 151/1087, Loss: 0.1339, L1: 0.0201, SSIM: 0.8863, PSNR: 30.92
2026-05-14 23:14:01,119 - INFO - Epoch 5/100, Batch 201/1087, Loss: 0.1372, L1: 0.0198, SSIM: 0.8826, PSNR: 30.64
2026-05-14 23:14:19,364 - INFO - Epoch 5/100, Batch 251/1087, Loss: 0.1220, L1: 0.0189, SSIM: 0.8969, PSNR: 31.18
2026-05-14 23:14:37,607 - INFO - Epoch 5/100, Batch 301/1087, Loss: 0.1315, L1: 0.0190, SSIM: 0.8875, PSNR: 31.39
2026-05-14 23:14:56,020 - INFO - Epoch 5/100, Batch 351/1087, Loss: 0.1342, L1: 0.0202, SSIM: 0.8860, PSNR: 30.76
2026-05-14 23:15:14,407 - INFO - Epoch 5/100, Batch 401/1087, Loss: 0.1246, L1: 0.0192, SSIM: 0.8945, PSNR: 30.96
2026-05-14 23:15:32,648 - INFO - Epoch 5/100, Batch 451/1087, Loss: 0.1110, L1: 0.0180, SSIM: 0.9070, PSNR: 31.56
2026-05-14 23:15:51,308 - INFO - Epoch 5/100, Batch 501/1087, Loss: 0.1193, L1: 0.0186, SSIM: 0.8993, PSNR: 31.40
2026-05-14 23:16:09,555 - INFO - Epoch 5/100, Batch 551/1087, Loss: 0.1279, L1: 0.0186, SSIM: 0.8907, PSNR: 31.60
2026-05-14 23:16:28,002 - INFO - Epoch 5/100, Batch 601/1087, Loss: 0.1231, L1: 0.0190, SSIM: 0.8958, PSNR: 31.28
2026-05-14 23:16:46,249 - INFO - Epoch 5/100, Batch 651/1087, Loss: 0.1136, L1: 0.0180, SSIM: 0.9044, PSNR: 31.79
2026-05-14 23:17:04,513 - INFO - Epoch 5/100, Batch 701/1087, Loss: 0.1333, L1: 0.0225, SSIM: 0.8892, PSNR: 29.79
2026-05-14 23:17:22,917 - INFO - Epoch 5/100, Batch 751/1087, Loss: 0.1263, L1: 0.0198, SSIM: 0.8936, PSNR: 30.84
2026-05-14 23:17:41,157 - INFO - Epoch 5/100, Batch 801/1087, Loss: 0.1163, L1: 0.0197, SSIM: 0.9034, PSNR: 30.56
2026-05-14 23:17:59,426 - INFO - Epoch 5/100, Batch 851/1087, Loss: 0.1235, L1: 0.0188, SSIM: 0.8953, PSNR: 31.47
2026-05-14 23:18:17,679 - INFO - Epoch 5/100, Batch 901/1087, Loss: 0.1230, L1: 0.0182, SSIM: 0.8953, PSNR: 31.46
2026-05-14 23:18:36,111 - INFO - Epoch 5/100, Batch 951/1087, Loss: 0.1375, L1: 0.0200, SSIM: 0.8826, PSNR: 30.75
2026-05-14 23:18:54,350 - INFO - Epoch 5/100, Batch 1001/1087, Loss: 0.1337, L1: 0.0221, SSIM: 0.8884, PSNR: 29.93
2026-05-14 23:19:12,588 - INFO - Epoch 5/100, Batch 1051/1087, Loss: 0.1222, L1: 0.0189, SSIM: 0.8968, PSNR: 31.39
2026-05-14 23:19:25,678 - INFO - Epoch 5/100 training summary - Loss: 0.126148, L1: 0.019380, SSIM: 0.8932, PSNR: 31.11, Grad Norm: 0.7124
2026-05-14 23:19:25,679 - INFO - Epoch 5/100 - 开始验证
2026-05-14 23:33:14,030 - INFO - [Epoch 5/100] Train Loss: 0.1261, Val PSNR: 31.8043 dB, Time: 1228.1s
2026-05-14 23:33:14,145 - INFO - 保存最佳模型，Val PSNR: 31.8043 dB
2026-05-14 23:33:14,145 - INFO - 早停状态 - 最佳PSNR: 31.8043, 停滞计数: 0/3
2026-05-14 23:33:14,148 - INFO - 学习率更新: 0.000100
2026-05-14 23:33:15,400 - INFO - Epoch 6/100, Batch 1/1087, Loss: 0.1242, L1: 0.0190, SSIM: 0.8948, PSNR: 31.11
2026-05-14 23:33:34,220 - INFO - Epoch 6/100, Batch 51/1087, Loss: 0.1224, L1: 0.0188, SSIM: 0.8964, PSNR: 31.51
2026-05-14 23:33:52,833 - INFO - Epoch 6/100, Batch 101/1087, Loss: 0.1327, L1: 0.0200, SSIM: 0.8873, PSNR: 30.83
2026-05-14 23:34:11,482 - INFO - Epoch 6/100, Batch 151/1087, Loss: 0.1212, L1: 0.0173, SSIM: 0.8961, PSNR: 32.08
2026-05-14 23:34:29,913 - INFO - Epoch 6/100, Batch 201/1087, Loss: 0.1212, L1: 0.0194, SSIM: 0.8982, PSNR: 31.13
2026-05-14 23:34:48,625 - INFO - Epoch 6/100, Batch 251/1087, Loss: 0.1252, L1: 0.0180, SSIM: 0.8928, PSNR: 31.78
2026-05-14 23:35:07,226 - INFO - Epoch 6/100, Batch 301/1087, Loss: 0.1208, L1: 0.0185, SSIM: 0.8976, PSNR: 31.59
2026-05-14 23:35:25,861 - INFO - Epoch 6/100, Batch 351/1087, Loss: 0.1182, L1: 0.0186, SSIM: 0.9004, PSNR: 31.52
2026-05-14 23:35:44,501 - INFO - Epoch 6/100, Batch 401/1087, Loss: 0.1395, L1: 0.0190, SSIM: 0.8795, PSNR: 31.35
2026-05-14 23:36:02,908 - INFO - Epoch 6/100, Batch 451/1087, Loss: 0.1191, L1: 0.0180, SSIM: 0.8989, PSNR: 31.75
2026-05-14 23:36:21,714 - INFO - Epoch 6/100, Batch 501/1087, Loss: 0.1239, L1: 0.0195, SSIM: 0.8956, PSNR: 31.28
2026-05-14 23:36:40,426 - INFO - Epoch 6/100, Batch 551/1087, Loss: 0.1261, L1: 0.0201, SSIM: 0.8940, PSNR: 30.73
2026-05-14 23:36:58,945 - INFO - Epoch 6/100, Batch 601/1087, Loss: 0.1223, L1: 0.0179, SSIM: 0.8956, PSNR: 31.99
2026-05-14 23:37:17,588 - INFO - Epoch 6/100, Batch 651/1087, Loss: 0.1246, L1: 0.0176, SSIM: 0.8929, PSNR: 31.99
2026-05-14 23:37:36,176 - INFO - Epoch 6/100, Batch 701/1087, Loss: 0.1378, L1: 0.0198, SSIM: 0.8821, PSNR: 31.00
2026-05-14 23:37:55,060 - INFO - Epoch 6/100, Batch 751/1087, Loss: 0.1239, L1: 0.0208, SSIM: 0.8969, PSNR: 30.30
2026-05-14 23:38:13,655 - INFO - Epoch 6/100, Batch 801/1087, Loss: 0.1365, L1: 0.0208, SSIM: 0.8844, PSNR: 30.61
2026-05-14 23:38:32,462 - INFO - Epoch 6/100, Batch 851/1087, Loss: 0.1329, L1: 0.0174, SSIM: 0.8845, PSNR: 31.93
2026-05-14 23:38:51,381 - INFO - Epoch 6/100, Batch 901/1087, Loss: 0.1232, L1: 0.0184, SSIM: 0.8953, PSNR: 31.51
2026-05-14 23:39:10,032 - INFO - Epoch 6/100, Batch 951/1087, Loss: 0.1241, L1: 0.0190, SSIM: 0.8949, PSNR: 31.33
2026-05-14 23:39:28,871 - INFO - Epoch 6/100, Batch 1001/1087, Loss: 0.1305, L1: 0.0179, SSIM: 0.8874, PSNR: 31.90
2026-05-14 23:39:47,346 - INFO - Epoch 6/100, Batch 1051/1087, Loss: 0.1261, L1: 0.0184, SSIM: 0.8923, PSNR: 31.63
2026-05-14 23:40:00,565 - INFO - Epoch 6/100 training summary - Loss: 0.124702, L1: 0.019014, SSIM: 0.8943, PSNR: 31.29, Grad Norm: 1.2113
2026-05-14 23:40:00,565 - INFO - [Epoch 6/100] Train Loss: 0.1247, Time: 406.4s
2026-05-14 23:40:00,565 - INFO - 学习率更新: 0.000100
2026-05-14 23:40:01,865 - INFO - Epoch 7/100, Batch 1/1087, Loss: 0.1148, L1: 0.0188, SSIM: 0.9040, PSNR: 31.25
2026-05-14 23:40:20,452 - INFO - Epoch 7/100, Batch 51/1087, Loss: 0.1227, L1: 0.0202, SSIM: 0.8975, PSNR: 30.75
2026-05-14 23:40:39,172 - INFO - Epoch 7/100, Batch 101/1087, Loss: 0.1389, L1: 0.0183, SSIM: 0.8794, PSNR: 31.70
2026-05-14 23:40:58,874 - INFO - Epoch 7/100, Batch 151/1087, Loss: 0.1293, L1: 0.0191, SSIM: 0.8898, PSNR: 31.28
2026-05-14 23:41:17,783 - INFO - Epoch 7/100, Batch 201/1087, Loss: 0.1290, L1: 0.0200, SSIM: 0.8909, PSNR: 30.76
2026-05-14 23:41:36,685 - INFO - Epoch 7/100, Batch 251/1087, Loss: 0.1252, L1: 0.0190, SSIM: 0.8938, PSNR: 31.31
2026-05-14 23:41:58,853 - INFO - Epoch 7/100, Batch 301/1087, Loss: 0.1381, L1: 0.0194, SSIM: 0.8813, PSNR: 31.29
2026-05-14 23:42:20,923 - INFO - Epoch 7/100, Batch 351/1087, Loss: 0.1277, L1: 0.0182, SSIM: 0.8905, PSNR: 31.69
2026-05-14 23:42:40,992 - INFO - Epoch 7/100, Batch 401/1087, Loss: 0.1140, L1: 0.0181, SSIM: 0.9041, PSNR: 31.48
2026-05-14 23:43:00,848 - INFO - Epoch 7/100, Batch 451/1087, Loss: 0.1220, L1: 0.0188, SSIM: 0.8968, PSNR: 31.34
2026-05-14 23:43:19,737 - INFO - Epoch 7/100, Batch 501/1087, Loss: 0.1340, L1: 0.0177, SSIM: 0.8837, PSNR: 31.86
2026-05-14 23:43:38,647 - INFO - Epoch 7/100, Batch 551/1087, Loss: 0.1305, L1: 0.0183, SSIM: 0.8878, PSNR: 31.67
2026-05-14 23:43:57,505 - INFO - Epoch 7/100, Batch 601/1087, Loss: 0.1267, L1: 0.0188, SSIM: 0.8921, PSNR: 31.37
2026-05-14 23:44:16,336 - INFO - Epoch 7/100, Batch 651/1087, Loss: 0.1353, L1: 0.0191, SSIM: 0.8838, PSNR: 31.32
2026-05-14 23:44:35,287 - INFO - Epoch 7/100, Batch 701/1087, Loss: 0.1198, L1: 0.0177, SSIM: 0.8979, PSNR: 31.83
2026-05-14 23:44:54,303 - INFO - Epoch 7/100, Batch 751/1087, Loss: 0.1298, L1: 0.0188, SSIM: 0.8889, PSNR: 31.47
2026-05-14 23:45:13,078 - INFO - Epoch 7/100, Batch 801/1087, Loss: 0.1353, L1: 0.0194, SSIM: 0.8841, PSNR: 31.25
2026-05-14 23:45:32,472 - INFO - Epoch 7/100, Batch 851/1087, Loss: 0.1356, L1: 0.0186, SSIM: 0.8830, PSNR: 31.50
2026-05-14 23:45:54,100 - INFO - Epoch 7/100, Batch 901/1087, Loss: 0.1063, L1: 0.0159, SSIM: 0.9096, PSNR: 32.55
2026-05-14 23:46:18,894 - INFO - Epoch 7/100, Batch 951/1087, Loss: 0.1306, L1: 0.0182, SSIM: 0.8877, PSNR: 31.65
2026-05-14 23:46:38,736 - INFO - Epoch 7/100, Batch 1001/1087, Loss: 0.1153, L1: 0.0200, SSIM: 0.9047, PSNR: 30.57
2026-05-14 23:46:57,807 - INFO - Epoch 7/100, Batch 1051/1087, Loss: 0.1216, L1: 0.0167, SSIM: 0.8950, PSNR: 32.32
2026-05-14 23:47:11,215 - INFO - Epoch 7/100 training summary - Loss: 0.123221, L1: 0.018642, SSIM: 0.8954, PSNR: 31.43, Grad Norm: 0.7528
2026-05-14 23:47:11,216 - INFO - [Epoch 7/100] Train Loss: 0.1232, Time: 430.6s
2026-05-14 23:47:11,216 - INFO - 学习率更新: 0.000100
2026-05-14 23:47:12,360 - INFO - Epoch 8/100, Batch 1/1087, Loss: 0.1451, L1: 0.0203, SSIM: 0.8752, PSNR: 30.94
2026-05-14 23:47:31,383 - INFO - Epoch 8/100, Batch 51/1087, Loss: 0.1345, L1: 0.0179, SSIM: 0.8834, PSNR: 31.91
2026-05-14 23:47:50,660 - INFO - Epoch 8/100, Batch 101/1087, Loss: 0.1264, L1: 0.0195, SSIM: 0.8931, PSNR: 31.09
2026-05-14 23:48:09,900 - INFO - Epoch 8/100, Batch 151/1087, Loss: 0.1430, L1: 0.0190, SSIM: 0.8760, PSNR: 31.41
2026-05-14 23:48:29,050 - INFO - Epoch 8/100, Batch 201/1087, Loss: 0.1113, L1: 0.0191, SSIM: 0.9078, PSNR: 31.43
2026-05-14 23:48:50,406 - INFO - Epoch 8/100, Batch 251/1087, Loss: 0.1187, L1: 0.0197, SSIM: 0.9011, PSNR: 30.70
2026-05-14 23:49:09,279 - INFO - Epoch 8/100, Batch 301/1087, Loss: 0.1055, L1: 0.0172, SSIM: 0.9118, PSNR: 31.88
2026-05-14 23:49:28,101 - INFO - Epoch 8/100, Batch 351/1087, Loss: 0.1118, L1: 0.0176, SSIM: 0.9058, PSNR: 31.73
2026-05-14 23:49:46,863 - INFO - Epoch 8/100, Batch 401/1087, Loss: 0.1157, L1: 0.0169, SSIM: 0.9012, PSNR: 31.99
2026-05-14 23:50:06,215 - INFO - Epoch 8/100, Batch 451/1087, Loss: 0.1258, L1: 0.0192, SSIM: 0.8934, PSNR: 31.10
2026-05-14 23:50:25,585 - INFO - Epoch 8/100, Batch 501/1087, Loss: 0.1407, L1: 0.0199, SSIM: 0.8792, PSNR: 30.87
2026-05-14 23:50:47,405 - INFO - Epoch 8/100, Batch 551/1087, Loss: 0.1198, L1: 0.0193, SSIM: 0.8994, PSNR: 30.86
2026-05-14 23:51:08,954 - INFO - Epoch 8/100, Batch 601/1087, Loss: 0.1175, L1: 0.0177, SSIM: 0.9001, PSNR: 31.80
2026-05-14 23:51:29,186 - INFO - Epoch 8/100, Batch 651/1087, Loss: 0.1325, L1: 0.0205, SSIM: 0.8880, PSNR: 30.67
2026-05-14 23:51:47,597 - INFO - Epoch 8/100, Batch 701/1087, Loss: 0.1335, L1: 0.0195, SSIM: 0.8859, PSNR: 30.42
2026-05-14 23:52:07,834 - INFO - Epoch 8/100, Batch 751/1087, Loss: 0.1188, L1: 0.0194, SSIM: 0.9005, PSNR: 31.08
2026-05-14 23:52:34,390 - INFO - Epoch 8/100, Batch 801/1087, Loss: 0.1212, L1: 0.0183, SSIM: 0.8971, PSNR: 31.71
2026-05-14 23:52:59,179 - INFO - Epoch 8/100, Batch 851/1087, Loss: 0.1143, L1: 0.0182, SSIM: 0.9039, PSNR: 31.61
2026-05-14 23:53:23,050 - INFO - Epoch 8/100, Batch 901/1087, Loss: 0.1154, L1: 0.0175, SSIM: 0.9021, PSNR: 31.92
2026-05-14 23:53:47,925 - INFO - Epoch 8/100, Batch 951/1087, Loss: 0.1172, L1: 0.0178, SSIM: 0.9006, PSNR: 31.73
2026-05-14 23:54:11,369 - INFO - Epoch 8/100, Batch 1001/1087, Loss: 0.1200, L1: 0.0186, SSIM: 0.8985, PSNR: 31.45
2026-05-14 23:54:31,678 - INFO - Epoch 8/100, Batch 1051/1087, Loss: 0.1177, L1: 0.0181, SSIM: 0.9004, PSNR: 31.59
2026-05-14 23:54:47,006 - INFO - Epoch 8/100 training summary - Loss: 0.121642, L1: 0.018415, SSIM: 0.8968, PSNR: 31.49, Grad Norm: 0.8869
2026-05-14 23:54:47,006 - INFO - [Epoch 8/100] Train Loss: 0.1216, Time: 455.8s
2026-05-14 23:54:47,006 - INFO - 学习率更新: 0.000100
2026-05-14 23:54:48,221 - INFO - Epoch 9/100, Batch 1/1087, Loss: 0.1116, L1: 0.0183, SSIM: 0.9067, PSNR: 31.23
2026-05-14 23:55:09,710 - INFO - Epoch 9/100, Batch 51/1087, Loss: 0.1053, L1: 0.0168, SSIM: 0.9116, PSNR: 32.10
2026-05-14 23:55:31,450 - INFO - Epoch 9/100, Batch 101/1087, Loss: 0.1263, L1: 0.0190, SSIM: 0.8927, PSNR: 31.06
